<?xml version="1.0" encoding="UTF-8"?>
<robot generator="Robot 4.1.2 (Python 3.10.1 on win32)" generated="20220111 17:14:29.291" rpa="false" schemaversion="2">
<suite id="s1" name="Site" source="C:\Projetos\WEB2\tests\site.robot">
<test id="s1-t1" name="Funcionalidade: Criar Usuario Valido">
<kw name="Abrir navegador" library="base" type="SETUP">
<kw name="Open Browser" library="SeleniumLibrary">
<arg>${URL}</arg>
<arg>${BROWSER}</arg>
<doc>Opens a new browser instance to the optional ``url``.</doc>
<msg timestamp="20220111 17:14:29.583" level="INFO">Opening browser 'chrome' to base url 'https://automacaocombatista.herokuapp.com/treinamento/home'.</msg>
<status status="PASS" starttime="20220111 17:14:29.583" endtime="20220111 17:14:33.827"/>
</kw>
<kw name="Maximize Browser Window" library="SeleniumLibrary">
<doc>Maximizes current browser window.</doc>
<status status="PASS" starttime="20220111 17:14:33.827" endtime="20220111 17:14:33.964"/>
</kw>
<status status="PASS" starttime="20220111 17:14:29.583" endtime="20220111 17:14:33.964"/>
</kw>
<kw name="Dado que esteja na home do site" library="home">
<kw name="Title Should Be" library="SeleniumLibrary">
<arg>${HOME_TITULO}</arg>
<doc>Verifies that the current page title equals ``title``.</doc>
<msg timestamp="20220111 17:14:33.975" level="INFO">Page title is 'Automação com Batista'.</msg>
<status status="PASS" starttime="20220111 17:14:33.966" endtime="20220111 17:14:33.975"/>
</kw>
<status status="PASS" starttime="20220111 17:14:33.965" endtime="20220111 17:14:33.975"/>
</kw>
<kw name="Quando clicar em formulario" library="home">
<kw name="Wait Until Element Is Visible" library="SeleniumLibrary">
<arg>${HOME_FORMULARIO}</arg>
<doc>Waits until the element ``locator`` is visible.</doc>
<status status="PASS" starttime="20220111 17:14:33.977" endtime="20220111 17:14:34.016"/>
</kw>
<kw name="Click Element" library="SeleniumLibrary">
<arg>${HOME_FORMULARIO}</arg>
<doc>Click the element identified by ``locator``.</doc>
<msg timestamp="20220111 17:14:34.018" level="INFO">Clicking element 'xpath=//a[contains(text(),'Formulário')]'.</msg>
<status status="PASS" starttime="20220111 17:14:34.017" endtime="20220111 17:14:34.071"/>
</kw>
<status status="PASS" starttime="20220111 17:14:33.976" endtime="20220111 17:14:34.071"/>
</kw>
<kw name="E clicar em criar usuários" library="home">
<kw name="Wait Until Element Is Visible" library="SeleniumLibrary">
<arg>${CRIAR_USUARIO}</arg>
<doc>Waits until the element ``locator`` is visible.</doc>
<status status="PASS" starttime="20220111 17:14:34.074" endtime="20220111 17:14:34.106"/>
</kw>
<kw name="Click Element" library="SeleniumLibrary">
<arg>${CRIAR_USUARIO}</arg>
<doc>Click the element identified by ``locator``.</doc>
<msg timestamp="20220111 17:14:34.107" level="INFO">Clicking element 'xpath=//a[contains(text(),'Criar Usuários')]'.</msg>
<status status="PASS" starttime="20220111 17:14:34.106" endtime="20220111 17:14:34.679"/>
</kw>
<status status="PASS" starttime="20220111 17:14:34.073" endtime="20220111 17:14:34.680"/>
</kw>
<kw name="E preencher as informações" library="users">
<kw name="Wait Until Element Is Visible" library="SeleniumLibrary">
<arg>${NOME}</arg>
<doc>Waits until the element ``locator`` is visible.</doc>
<status status="PASS" starttime="20220111 17:14:34.681" endtime="20220111 17:14:34.737"/>
</kw>
<kw name="Input Text" library="SeleniumLibrary">
<arg>${NOME}</arg>
<arg>Jaqueline</arg>
<doc>Types the given ``text`` into the text field identified by ``locator``.</doc>
<msg timestamp="20220111 17:14:34.737" level="INFO">Typing text 'Jaqueline' into text field 'id=user_name'.</msg>
<status status="PASS" starttime="20220111 17:14:34.737" endtime="20220111 17:14:34.884"/>
</kw>
<kw name="Input Text" library="SeleniumLibrary">
<arg>${SOBRENOME}</arg>
<arg>Santos</arg>
<doc>Types the given ``text`` into the text field identified by ``locator``.</doc>
<msg timestamp="20220111 17:14:34.885" level="INFO">Typing text 'Santos' into text field 'id=user_lastname'.</msg>
<status status="PASS" starttime="20220111 17:14:34.884" endtime="20220111 17:14:35.018"/>
</kw>
<kw name="Input Text" library="SeleniumLibrary">
<arg>${EMAIL}</arg>
<arg>jaquelineasantos245@gmail.com</arg>
<doc>Types the given ``text`` into the text field identified by ``locator``.</doc>
<msg timestamp="20220111 17:14:35.019" level="INFO">Typing text 'jaquelineasantos245@gmail.com' into text field 'id=user_email'.</msg>
<status status="PASS" starttime="20220111 17:14:35.018" endtime="20220111 17:14:35.222"/>
</kw>
<status status="PASS" starttime="20220111 17:14:34.680" endtime="20220111 17:14:35.222"/>
</kw>
<kw name=" E clicar no botão Criar" library="users">
<kw name="Wait Until Element Is Visible" library="SeleniumLibrary">
<arg>${BOTAO_CRIAR}</arg>
<doc>Waits until the element ``locator`` is visible.</doc>
<status status="PASS" starttime="20220111 17:14:35.223" endtime="20220111 17:14:35.248"/>
</kw>
<kw name="Click Element" library="SeleniumLibrary">
<arg>${BOTAO_CRIAR}</arg>
<doc>Click the element identified by ``locator``.</doc>
<msg timestamp="20220111 17:14:35.249" level="INFO">Clicking element 'css=.actions'.</msg>
<status status="PASS" starttime="20220111 17:14:35.248" endtime="20220111 17:14:36.052"/>
</kw>
<status status="PASS" starttime="20220111 17:14:35.223" endtime="20220111 17:14:36.052"/>
</kw>
<kw name="Então deve ser exibida a mensagem &quot;Usuário Criado com sucesso&quot;" library="users" sourcename="Então deve ser exibida a mensagem &quot;${MENSAGEM}&quot;">
<kw name="Wait Until Element Is Visible" library="SeleniumLibrary">
<arg>${MENSAGEM_SUCESSO}</arg>
<doc>Waits until the element ``locator`` is visible.</doc>
<status status="PASS" starttime="20220111 17:14:36.053" endtime="20220111 17:14:36.080"/>
</kw>
<kw name="Element Text Should Be" library="SeleniumLibrary">
<arg>${MENSAGEM_SUCESSO}</arg>
<arg>${MENSAGEM}</arg>
<doc>Verifies that element ``locator`` contains exact the text ``expected``.</doc>
<msg timestamp="20220111 17:14:36.081" level="INFO">Verifying element 'id=notice' contains exact text 'Usuário Criado com sucesso'.</msg>
<status status="PASS" starttime="20220111 17:14:36.080" endtime="20220111 17:14:36.099"/>
</kw>
<status status="PASS" starttime="20220111 17:14:36.053" endtime="20220111 17:14:36.099"/>
</kw>
<kw name="Fechar navegador" library="base" type="TEARDOWN">
<kw name="Close Browser" library="SeleniumLibrary">
<doc>Closes the current browser.</doc>
<status status="PASS" starttime="20220111 17:14:36.100" endtime="20220111 17:14:38.729"/>
</kw>
<status status="PASS" starttime="20220111 17:14:36.100" endtime="20220111 17:14:38.729"/>
</kw>
<status status="PASS" starttime="20220111 17:14:29.582" endtime="20220111 17:14:38.730"/>
</test>
<test id="s1-t2" name="Funcionalidade: Listar usuários">
<kw name="Abrir navegador" library="base" type="SETUP">
<kw name="Open Browser" library="SeleniumLibrary">
<arg>${URL}</arg>
<arg>${BROWSER}</arg>
<doc>Opens a new browser instance to the optional ``url``.</doc>
<msg timestamp="20220111 17:14:38.735" level="INFO">Opening browser 'chrome' to base url 'https://automacaocombatista.herokuapp.com/treinamento/home'.</msg>
<status status="PASS" starttime="20220111 17:14:38.735" endtime="20220111 17:14:42.599"/>
</kw>
<kw name="Maximize Browser Window" library="SeleniumLibrary">
<doc>Maximizes current browser window.</doc>
<status status="PASS" starttime="20220111 17:14:42.600" endtime="20220111 17:14:42.746"/>
</kw>
<status status="PASS" starttime="20220111 17:14:38.734" endtime="20220111 17:14:42.746"/>
</kw>
<kw name="Dado que esteja na home do site" library="home">
<kw name="Title Should Be" library="SeleniumLibrary">
<arg>${HOME_TITULO}</arg>
<doc>Verifies that the current page title equals ``title``.</doc>
<msg timestamp="20220111 17:14:42.758" level="INFO">Page title is 'Automação com Batista'.</msg>
<status status="PASS" starttime="20220111 17:14:42.747" endtime="20220111 17:14:42.759"/>
</kw>
<status status="PASS" starttime="20220111 17:14:42.747" endtime="20220111 17:14:42.759"/>
</kw>
<kw name="Quando clicar em formulario" library="home">
<kw name="Wait Until Element Is Visible" library="SeleniumLibrary">
<arg>${HOME_FORMULARIO}</arg>
<doc>Waits until the element ``locator`` is visible.</doc>
<status status="PASS" starttime="20220111 17:14:42.761" endtime="20220111 17:14:42.808"/>
</kw>
<kw name="Click Element" library="SeleniumLibrary">
<arg>${HOME_FORMULARIO}</arg>
<doc>Click the element identified by ``locator``.</doc>
<msg timestamp="20220111 17:14:42.809" level="INFO">Clicking element 'xpath=//a[contains(text(),'Formulário')]'.</msg>
<status status="PASS" starttime="20220111 17:14:42.809" endtime="20220111 17:14:42.864"/>
</kw>
<status status="PASS" starttime="20220111 17:14:42.760" endtime="20220111 17:14:42.864"/>
</kw>
<kw name="E clicar em lista usuários" library="home">
<kw name="Wait Until Element Is Visible" library="SeleniumLibrary">
<arg>${LISTA_USUARIO}</arg>
<doc>Waits until the element ``locator`` is visible.</doc>
<status status="PASS" starttime="20220111 17:14:42.866" endtime="20220111 17:14:43.140"/>
</kw>
<kw name="Click Element" library="SeleniumLibrary">
<arg>${LISTA_USUARIO}</arg>
<doc>Click the element identified by ``locator``.</doc>
<msg timestamp="20220111 17:14:43.140" level="INFO">Clicking element 'xpath=//a[contains(text(),'Lista de Usuários')]'.</msg>
<status status="PASS" starttime="20220111 17:14:43.140" endtime="20220111 17:14:43.988"/>
</kw>
<status status="PASS" starttime="20220111 17:14:42.865" endtime="20220111 17:14:43.989"/>
</kw>
<kw name="Então deve ser exibida uma lista com todos usuarios cadastrados" library="users">
<kw name="Wait Until Element Is Visible" library="SeleniumLibrary">
<arg>${LISTA_USUARIO}</arg>
<doc>Waits until the element ``locator`` is visible.</doc>
<status status="PASS" starttime="20220111 17:14:43.991" endtime="20220111 17:14:44.014"/>
</kw>
<kw name="Element Should Be Visible" library="SeleniumLibrary">
<arg>${LISTA_USUARIO}</arg>
<doc>Verifies that the element identified by ``locator`` is visible.</doc>
<msg timestamp="20220111 17:14:44.030" level="INFO">Element 'xpath=//a[contains(text(),'Lista de Usuários')]' is displayed.</msg>
<status status="PASS" starttime="20220111 17:14:44.014" endtime="20220111 17:14:44.030"/>
</kw>
<status status="PASS" starttime="20220111 17:14:43.990" endtime="20220111 17:14:44.030"/>
</kw>
<kw name="Fechar navegador" library="base" type="TEARDOWN">
<kw name="Close Browser" library="SeleniumLibrary">
<doc>Closes the current browser.</doc>
<status status="PASS" starttime="20220111 17:14:44.032" endtime="20220111 17:14:46.631"/>
</kw>
<status status="PASS" starttime="20220111 17:14:44.031" endtime="20220111 17:14:46.632"/>
</kw>
<status status="PASS" starttime="20220111 17:14:38.733" endtime="20220111 17:14:46.633"/>
</test>
<test id="s1-t3" name="Funcionalidade: Excluir um Usuario">
<kw name="Abrir navegador" library="base" type="SETUP">
<kw name="Open Browser" library="SeleniumLibrary">
<arg>${URL}</arg>
<arg>${BROWSER}</arg>
<doc>Opens a new browser instance to the optional ``url``.</doc>
<msg timestamp="20220111 17:14:46.642" level="INFO">Opening browser 'chrome' to base url 'https://automacaocombatista.herokuapp.com/treinamento/home'.</msg>
<status status="PASS" starttime="20220111 17:14:46.641" endtime="20220111 17:14:50.491"/>
</kw>
<kw name="Maximize Browser Window" library="SeleniumLibrary">
<doc>Maximizes current browser window.</doc>
<status status="PASS" starttime="20220111 17:14:50.491" endtime="20220111 17:14:50.630"/>
</kw>
<status status="PASS" starttime="20220111 17:14:46.640" endtime="20220111 17:14:50.630"/>
</kw>
<kw name=" Dado que esteja na lista de usuarios" library="home">
<kw name="Quando clicar em formulario" library="home">
<kw name="Wait Until Element Is Visible" library="SeleniumLibrary">
<arg>${HOME_FORMULARIO}</arg>
<doc>Waits until the element ``locator`` is visible.</doc>
<status status="PASS" starttime="20220111 17:14:50.633" endtime="20220111 17:14:50.667"/>
</kw>
<kw name="Click Element" library="SeleniumLibrary">
<arg>${HOME_FORMULARIO}</arg>
<doc>Click the element identified by ``locator``.</doc>
<msg timestamp="20220111 17:14:50.668" level="INFO">Clicking element 'xpath=//a[contains(text(),'Formulário')]'.</msg>
<status status="PASS" starttime="20220111 17:14:50.667" endtime="20220111 17:14:50.729"/>
</kw>
<status status="PASS" starttime="20220111 17:14:50.632" endtime="20220111 17:14:50.730"/>
</kw>
<kw name="E clicar em lista usuários" library="home">
<kw name="Wait Until Element Is Visible" library="SeleniumLibrary">
<arg>${LISTA_USUARIO}</arg>
<doc>Waits until the element ``locator`` is visible.</doc>
<status status="PASS" starttime="20220111 17:14:50.731" endtime="20220111 17:14:50.992"/>
</kw>
<kw name="Click Element" library="SeleniumLibrary">
<arg>${LISTA_USUARIO}</arg>
<doc>Click the element identified by ``locator``.</doc>
<msg timestamp="20220111 17:14:50.992" level="INFO">Clicking element 'xpath=//a[contains(text(),'Lista de Usuários')]'.</msg>
<status status="PASS" starttime="20220111 17:14:50.992" endtime="20220111 17:14:51.755"/>
</kw>
<status status="PASS" starttime="20220111 17:14:50.730" endtime="20220111 17:14:51.756"/>
</kw>
<kw name="Element Text Should Be" library="SeleniumLibrary">
<arg>${MENSAGEM_LISTA_DE_USUARIO}</arg>
<arg>Lista de Usuários!!</arg>
<doc>Verifies that element ``locator`` contains exact the text ``expected``.</doc>
<msg timestamp="20220111 17:14:51.756" level="INFO">Verifying element 'xpath=//h5[@class='center']' contains exact text 'Lista de Usuários!!'.</msg>
<status status="PASS" starttime="20220111 17:14:51.756" endtime="20220111 17:14:51.785"/>
</kw>
<status status="PASS" starttime="20220111 17:14:50.631" endtime="20220111 17:14:51.785"/>
</kw>
<kw name="Quando clicar na paginação ultima pagina" library="users">
<kw name="Wait Until Element Is Visible" library="SeleniumLibrary">
<arg>${ULTIMA_PAGINA}</arg>
<doc>Waits until the element ``locator`` is visible.</doc>
<status status="PASS" starttime="20220111 17:14:51.786" endtime="20220111 17:14:51.810"/>
</kw>
<kw name="Click Element" library="SeleniumLibrary">
<arg>${ULTIMA_PAGINA}</arg>
<doc>Click the element identified by ``locator``.</doc>
<msg timestamp="20220111 17:14:51.810" level="INFO">Clicking element 'xpath=//a[contains(text(),'Último')]'.</msg>
<status status="PASS" starttime="20220111 17:14:51.810" endtime="20220111 17:14:51.888"/>
</kw>
<status status="PASS" starttime="20220111 17:14:51.786" endtime="20220111 17:14:51.889"/>
</kw>
<kw name="E clicar em icone delete" library="users">
<kw name="Wait Until Element Is Visible" library="SeleniumLibrary">
<arg>${BOTAO_DELETE}</arg>
<doc>Waits until the element ``locator`` is visible.</doc>
<status status="PASS" starttime="20220111 17:14:51.890" endtime="20220111 17:14:51.919"/>
</kw>
<kw name="Click Element" library="SeleniumLibrary">
<arg>${BOTAO_DELETE}</arg>
<doc>Click the element identified by ``locator``.</doc>
<msg timestamp="20220111 17:14:51.920" level="INFO">Clicking element 'xpath=(//a[contains(text(),'delete')])[3]'.</msg>
<status status="PASS" starttime="20220111 17:14:51.919" endtime="20220111 17:14:51.975"/>
</kw>
<status status="PASS" starttime="20220111 17:14:51.890" endtime="20220111 17:14:51.975"/>
</kw>
<kw name="E clicar em ok" library="users">
<kw name="Handle Alert" library="SeleniumLibrary">
<arg>ACCEPT</arg>
<doc>Handles the current alert and returns its message.</doc>
<msg timestamp="20220111 17:14:51.977" level="INFO">HANDLE::&lt;class 'NoneType'&gt;::None</msg>
<status status="PASS" starttime="20220111 17:14:51.977" endtime="20220111 17:14:51.992"/>
</kw>
<status status="PASS" starttime="20220111 17:14:51.976" endtime="20220111 17:14:51.992"/>
</kw>
<kw name="Então o usuario deve ser removido da lista" library="users">
<kw name="Wait Until Element Is Visible" library="SeleniumLibrary">
<arg>${NOME_EXCLUIDO}</arg>
<doc>Waits until the element ``locator`` is visible.</doc>
<status status="PASS" starttime="20220111 17:14:51.994" endtime="20220111 17:14:52.509"/>
</kw>
<kw name="Element Text Should Be" library="SeleniumLibrary">
<arg>${NOME_EXCLUIDO}</arg>
<arg>Seu Usuário foi removido com sucesso!</arg>
<doc>Verifies that element ``locator`` contains exact the text ``expected``.</doc>
<msg timestamp="20220111 17:14:52.510" level="INFO">Verifying element 'id=notice' contains exact text 'Seu Usuário foi removido com sucesso!'.</msg>
<status status="PASS" starttime="20220111 17:14:52.510" endtime="20220111 17:14:52.589"/>
</kw>
<status status="PASS" starttime="20220111 17:14:51.993" endtime="20220111 17:14:52.590"/>
</kw>
<kw name="Fechar navegador" library="base" type="TEARDOWN">
<kw name="Close Browser" library="SeleniumLibrary">
<doc>Closes the current browser.</doc>
<status status="PASS" starttime="20220111 17:14:52.591" endtime="20220111 17:14:55.225"/>
</kw>
<status status="PASS" starttime="20220111 17:14:52.590" endtime="20220111 17:14:55.226"/>
</kw>
<status status="PASS" starttime="20220111 17:14:46.639" endtime="20220111 17:14:55.227"/>
</test>
<doc>Cenarios de teste para a pagina usuarios no site Automação do Batista</doc>
<status status="PASS" starttime="20220111 17:14:29.293" endtime="20220111 17:14:55.231"/>
</suite>
<statistics>
<total>
<stat pass="3" fail="0" skip="0">All Tests</stat>
</total>
<tag>
</tag>
<suite>
<stat pass="3" fail="0" skip="0" id="s1" name="Site">Site</stat>
</suite>
</statistics>
<errors>
</errors>
</robot>
